[13:21:43] [main/INFO]: Loading tweak class name cpw.mods.fml.common.launcher.FMLTweaker
[13:21:43] [main/INFO]: Using primary tweak class name cpw.mods.fml.common.launcher.FMLTweaker
[13:21:43] [main/INFO]: Calling tweak class cpw.mods.fml.common.launcher.FMLTweaker
[13:21:43] [main/INFO]: Forge Mod Loader version 7.2.217.1147 for Minecraft 1.7.2 loading
[13:21:43] [main/INFO]: Java is Java HotSpot(TM) Client VM, version 1.7.0_55, running on Windows XP:x86:5.1, installed at C:\Program Files\Java\jre7
[13:21:43] [main/INFO]: Managed to load a deobfuscated Minecraft name- we are in a deobfuscated environment. Skipping runtime deobfuscation
[13:21:43] [main/INFO]: Loading tweak class name cpw.mods.fml.common.launcher.FMLInjectionAndSortingTweaker
[13:21:43] [main/INFO]: Loading tweak class name cpw.mods.fml.common.launcher.FMLDeobfTweaker
[13:21:43] [main/INFO]: Calling tweak class cpw.mods.fml.common.launcher.FMLInjectionAndSortingTweaker
[13:21:43] [main/INFO]: Calling tweak class cpw.mods.fml.common.launcher.FMLInjectionAndSortingTweaker
[13:21:43] [main/INFO]: Calling tweak class cpw.mods.fml.relauncher.CoreModManager$FMLPluginWrapper
[13:21:44] [main/ERROR]: The binary patch set is missing. Either you are in a development environment, or things are not going to work!
[13:21:47] [main/ERROR]: The minecraft jar file:/C:/Documents%20and%20Settings/zlatko/.gradle/caches/minecraft/net/minecraftforge/forge/1.7.2-10.12.2.1147/forgeSrc-1.7.2-10.12.2.1147.jar!/net/minecraft/client/ClientBrandRetriever.class appears to be corrupt! There has been CRITICAL TAMPERING WITH MINECRAFT, it is highly unlikely minecraft will work! STOP NOW, get a clean copy and try again!
[13:21:47] [main/ERROR]: FML has been ordered to ignore the invalid or missing minecraft certificate. This is very likely to cause a problem!
[13:21:47] [main/ERROR]: Technical information: ClientBrandRetriever was at jar:file:/C:/Documents%20and%20Settings/zlatko/.gradle/caches/minecraft/net/minecraftforge/forge/1.7.2-10.12.2.1147/forgeSrc-1.7.2-10.12.2.1147.jar!/net/minecraft/client/ClientBrandRetriever.class, there were 0 certificates for it
[13:21:47] [main/ERROR]: FML appears to be missing any signature data. This is not a good thing
[13:21:47] [main/INFO]: Calling tweak class cpw.mods.fml.relauncher.CoreModManager$FMLPluginWrapper
[13:21:47] [main/INFO]: Calling tweak class cpw.mods.fml.common.launcher.FMLDeobfTweaker
[13:21:47] [main/INFO]: Launching wrapped minecraft {net.minecraft.client.main.Main}
[13:21:50] [main/INFO]: Setting user: Player770
[13:21:52] [Client thread/INFO]: LWJGL Version: 2.9.0
[13:21:52] [Client thread/ERROR]: Couldn't set icon
javax.imageio.IIOException: Can't read input file!
	at javax.imageio.ImageIO.read(Unknown Source) ~[?:1.7.0_55]
	at net.minecraft.client.Minecraft.readImage(Minecraft.java:641) ~[Minecraft.class:?]
	at net.minecraft.client.Minecraft.startGame(Minecraft.java:470) [Minecraft.class:?]
	at net.minecraft.client.Minecraft.run(Minecraft.java:892) [Minecraft.class:?]
	at net.minecraft.client.main.Main.main(Main.java:112) [Main.class:?]
	at sun.reflect.NativeMethodAccessorImpl.invoke0(Native Method) ~[?:1.7.0_55]
	at sun.reflect.NativeMethodAccessorImpl.invoke(Unknown Source) ~[?:1.7.0_55]
	at sun.reflect.DelegatingMethodAccessorImpl.invoke(Unknown Source) ~[?:1.7.0_55]
	at java.lang.reflect.Method.invoke(Unknown Source) ~[?:1.7.0_55]
	at net.minecraft.launchwrapper.Launch.launch(Launch.java:134) [launchwrapper-1.9.jar:?]
	at net.minecraft.launchwrapper.Launch.main(Launch.java:28) [launchwrapper-1.9.jar:?]
[13:21:53] [Client thread/INFO]: Attempting early MinecraftForge initialization
[13:21:53] [Client thread/INFO]: MinecraftForge v10.12.2.1147 Initialized
[13:21:53] [Client thread/INFO]: Replaced 182 ore recipies
[13:21:53] [Client thread/INFO]: Completed early MinecraftForge initialization
[13:21:54] [Client thread/INFO]: Searching C:\Java\forge\mods for mods
[13:21:54] [Client thread/ERROR]: FML has detected a mod that is using a package name based on 'net.minecraft.src' : net.minecraft.src.FMLRenderAccessLibrary. This is generally a severe programming error.  There should be no mod code in the minecraft namespace. MOVE YOUR MOD! If you're in eclipse, select your source code and 'refactor' it into a new package. Go on. DO IT NOW!
[13:21:58] [Client thread/INFO]: Mod extratools is missing the required element 'name'. Substituting extratools
[13:21:58] [Client thread/INFO]: Forge Mod Loader has identified 5 mods to load
[13:21:59] [Client thread/INFO]: Reloading ResourceManager: Default, FMLFileResourcePack:Forge Mod Loader, FMLFileResourcePack:Minecraft Forge, FMLFileResourcePack:Example Mod, FMLFileResourcePack:extratools
[13:21:59] [Client thread/INFO]: Processing ObjectHolder annotations
[13:21:59] [Client thread/INFO]: Found 341 ObjectHolder annotations
[13:21:59] [Client thread/INFO]: Configured a dormant chunk cache size of 0
[13:21:59] [Client thread/INFO]: Applying holder lookups
[13:21:59] [Client thread/INFO]: Holder lookups applied
[13:21:59] [Sound Library Loader/INFO]: Sound engine started
[13:22:00] [Client thread/INFO]: Created: 512x256 textures/blocks-atlas
[13:22:00] [Client thread/INFO]: Created: 256x256 textures/items-atlas
[13:22:01] [Client thread/INFO]: Forge Mod Loader has successfully loaded 5 mods
[13:22:01] [Client thread/INFO]: Reloading ResourceManager: Default, FMLFileResourcePack:Forge Mod Loader, FMLFileResourcePack:Minecraft Forge, FMLFileResourcePack:Example Mod, FMLFileResourcePack:extratools
[13:22:01] [Client thread/INFO]: Created: 256x256 textures/items-atlas
[13:22:01] [Client thread/INFO]: Created: 512x256 textures/blocks-atlas
[13:22:02] [Sound Library Loader/INFO]: Sound engine started
[13:22:04] [Client thread/WARN]: Unable to play unknown soundEvent: minecraft:gui.button.press
[13:22:05] [MCO Availability Checker #1/ERROR]: Couldn't connect to Realms
[13:22:07] [Client thread/WARN]: Unable to play unknown soundEvent: minecraft:music.menu
[13:22:14] [Client thread/WARN]: Unable to play unknown soundEvent: minecraft:gui.button.press
[13:22:15] [Client thread/WARN]: Unable to play unknown soundEvent: minecraft:gui.button.press
[13:22:15] [Client thread/INFO]: Stopping!
